<?xml version="1.0" encoding="UTF-8"?>
<coverage generated="1723816886519" clover="3.2.0">
  <project timestamp="1723816886519" name="All files">
    <metrics statements="20" coveredstatements="9" conditionals="15" coveredconditionals="4" methods="5" coveredmethods="1" elements="40" coveredelements="14" complexity="0" loc="20" ncloc="20" packages="1" files="1" classes="1"/>
    <file name="String.js" path="F:\Développement\tracrypto\src\utils\String.js">
      <metrics statements="20" coveredstatements="9" conditionals="15" coveredconditionals="4" methods="5" coveredmethods="1"/>
      <line num="1" count="1" type="cond" truecount="0" falsecount="1"/>
      <line num="2" count="0" type="stmt"/>
      <line num="9" count="1" type="cond" truecount="0" falsecount="2"/>
      <line num="10" count="0" type="stmt"/>
      <line num="11" count="0" type="cond" truecount="0" falsecount="2"/>
      <line num="12" count="0" type="stmt"/>
      <line num="14" count="0" type="cond" truecount="0" falsecount="2"/>
      <line num="17" count="0" type="stmt"/>
      <line num="18" count="0" type="cond" truecount="0" falsecount="2"/>
      <line num="19" count="0" type="stmt"/>
      <line num="20" count="0" type="cond" truecount="0" falsecount="2"/>
      <line num="21" count="0" type="stmt"/>
      <line num="23" count="0" type="stmt"/>
      <line num="28" count="1" type="stmt"/>
      <line num="34" count="1" type="cond" truecount="2" falsecount="0"/>
      <line num="35" count="32" type="stmt"/>
      <line num="37" count="32" type="stmt"/>
      <line num="43" count="32" type="stmt"/>
      <line num="49" count="32" type="cond" truecount="2" falsecount="0"/>
      <line num="50" count="32" type="stmt"/>
    </file>
  </project>
</coverage>
