{"F:\\Développement\\tracrypto\\src\\utils\\String.js": {"path":"F:\\Développement\\tracrypto\\src\\utils\\String.js","statementMap":{"0":{"start":{"line":1,"column":31},"end":{"line":7,"column":1}},"1":{"start":{"line":2,"column":2},"end":{"line":6,"column":19}},"2":{"start":{"line":9,"column":22},"end":{"line":26,"column":1}},"3":{"start":{"line":10,"column":2},"end":{"line":10,"column":37}},"4":{"start":{"line":11,"column":2},"end":{"line":13,"column":3}},"5":{"start":{"line":12,"column":4},"end":{"line":12,"column":30}},"6":{"start":{"line":14,"column":2},"end":{"line":25,"column":8}},"7":{"start":{"line":17,"column":8},"end":{"line":24,"column":10}},"8":{"start":{"line":18,"column":10},"end":{"line":22,"column":11}},"9":{"start":{"line":19,"column":12},"end":{"line":19,"column":48}},"10":{"start":{"line":20,"column":17},"end":{"line":22,"column":11}},"11":{"start":{"line":21,"column":12},"end":{"line":21,"column":33}},"12":{"start":{"line":23,"column":10},"end":{"line":23,"column":78}},"13":{"start":{"line":28,"column":29},"end":{"line":33,"column":1}},"14":{"start":{"line":34,"column":28},"end":{"line":56,"column":1}},"15":{"start":{"line":35,"column":28},"end":{"line":35,"column":59}},"16":{"start":{"line":37,"column":2},"end":{"line":41,"column":22}},"17":{"start":{"line":43,"column":16},"end":{"line":48,"column":3}},"18":{"start":{"line":49,"column":48},"end":{"line":49,"column":79}},"19":{"start":{"line":50,"column":2},"end":{"line":55,"column":28}}},"fnMap":{"0":{"name":"(anonymous_0)","decl":{"start":{"line":1,"column":31},"end":{"line":1,"column":32}},"loc":{"start":{"line":1,"column":45},"end":{"line":7,"column":1}},"line":1},"1":{"name":"(anonymous_1)","decl":{"start":{"line":9,"column":22},"end":{"line":9,"column":23}},"loc":{"start":{"line":9,"column":55},"end":{"line":26,"column":1}},"line":9},"2":{"name":"(anonymous_2)","decl":{"start":{"line":16,"column":19},"end":{"line":16,"column":20}},"loc":{"start":{"line":17,"column":8},"end":{"line":24,"column":10}},"line":17},"3":{"name":"(anonymous_3)","decl":{"start":{"line":17,"column":25},"end":{"line":17,"column":26}},"loc":{"start":{"line":17,"column":42},"end":{"line":24,"column":9}},"line":17},"4":{"name":"(anonymous_4)","decl":{"start":{"line":34,"column":28},"end":{"line":34,"column":29}},"loc":{"start":{"line":34,"column":76},"end":{"line":56,"column":1}},"line":34}},"branchMap":{"0":{"loc":{"start":{"line":1,"column":32},"end":{"line":1,"column":40}},"type":"default-arg","locations":[{"start":{"line":1,"column":38},"end":{"line":1,"column":40}}],"line":1},"1":{"loc":{"start":{"line":9,"column":23},"end":{"line":9,"column":38}},"type":"default-arg","locations":[{"start":{"line":9,"column":36},"end":{"line":9,"column":38}}],"line":9},"2":{"loc":{"start":{"line":9,"column":40},"end":{"line":9,"column":50}},"type":"default-arg","locations":[{"start":{"line":9,"column":48},"end":{"line":9,"column":50}}],"line":9},"3":{"loc":{"start":{"line":11,"column":2},"end":{"line":13,"column":3}},"type":"if","locations":[{"start":{"line":11,"column":2},"end":{"line":13,"column":3}},{"start":{},"end":{}}],"line":11},"4":{"loc":{"start":{"line":14,"column":9},"end":{"line":25,"column":7}},"type":"cond-expr","locations":[{"start":{"line":15,"column":6},"end":{"line":15,"column":11}},{"start":{"line":16,"column":6},"end":{"line":25,"column":7}}],"line":14},"5":{"loc":{"start":{"line":18,"column":10},"end":{"line":22,"column":11}},"type":"if","locations":[{"start":{"line":18,"column":10},"end":{"line":22,"column":11}},{"start":{"line":20,"column":17},"end":{"line":22,"column":11}}],"line":18},"6":{"loc":{"start":{"line":20,"column":17},"end":{"line":22,"column":11}},"type":"if","locations":[{"start":{"line":20,"column":17},"end":{"line":22,"column":11}},{"start":{},"end":{}}],"line":20},"7":{"loc":{"start":{"line":34,"column":32},"end":{"line":34,"column":53}},"type":"default-arg","locations":[{"start":{"line":34,"column":41},"end":{"line":34,"column":53}}],"line":34},"8":{"loc":{"start":{"line":34,"column":55},"end":{"line":34,"column":71}},"type":"default-arg","locations":[{"start":{"line":34,"column":70},"end":{"line":34,"column":71}}],"line":34},"9":{"loc":{"start":{"line":49,"column":56},"end":{"line":49,"column":78}},"type":"binary-expr","locations":[{"start":{"line":49,"column":56},"end":{"line":49,"column":62}},{"start":{"line":49,"column":66},"end":{"line":49,"column":78}}],"line":49}},"s":{"0":1,"1":0,"2":1,"3":0,"4":0,"5":0,"6":0,"7":0,"8":0,"9":0,"10":0,"11":0,"12":0,"13":1,"14":1,"15":32,"16":32,"17":32,"18":32,"19":32},"f":{"0":0,"1":0,"2":0,"3":0,"4":32},"b":{"0":[0],"1":[0],"2":[0],"3":[0,0],"4":[0,0],"5":[0,0],"6":[0,0],"7":[20],"8":[28],"9":[32,4]},"_coverageSchema":"1a1c01bbd47fc00a2c39e90264f33305004495a9","hash":"01af9f81a52e240f52e1b2665cacab162f15bb13"}
}
